Copyright 1986-2015 Xilinx, Inc. All Rights Reserved.
---------------------------------------------------------------------------------------
| Tool Version : Vivado v.2015.4 (win64) Build 1412921 Wed Nov 18 09:43:45 MST 2015
| Date         : Tue Dec 16 14:39:49 2025
| Host         : Kawiii running 64-bit major release  (build 9200)
| Command      : report_control_sets -verbose -file top_module_control_sets_placed.rpt
| Design       : top_module
| Device       : xc7a35ti
---------------------------------------------------------------------------------------

Control Set Information

Table of Contents
-----------------
1. Summary
2. Flip-Flop Distribution
3. Detailed Control Set Information

1. Summary
----------

+-------------------------------------------------------------------+-------+
|                               Status                              | Count |
+-------------------------------------------------------------------+-------+
| Number of unique control sets                                     |    20 |
| Minimum Number of register sites lost to control set restrictions |   110 |
+-------------------------------------------------------------------+-------+


2. Flip-Flop Distribution
-------------------------

+--------------+-----------------------+------------------------+-----------------+--------------+
| Clock Enable | Synchronous Set/Reset | Asynchronous Set/Reset | Total Registers | Total Slices |
+--------------+-----------------------+------------------------+-----------------+--------------+
| No           | No                    | No                     |              30 |           15 |
| No           | No                    | Yes                    |              18 |            8 |
| No           | Yes                   | No                     |              46 |           22 |
| Yes          | No                    | No                     |               6 |            2 |
| Yes          | No                    | Yes                    |              66 |           28 |
| Yes          | Yes                   | No                     |              92 |           32 |
+--------------+-----------------------+------------------------+-----------------+--------------+


3. Detailed Control Set Information
-----------------------------------

+----------------------+----------------------------------------+-------------------------------+------------------+----------------+
|     Clock Signal     |              Enable Signal             |        Set/Reset Signal       | Slice Load Count | Bel Load Count |
+----------------------+----------------------------------------+-------------------------------+------------------+----------------+
|  CLK100MHZ_IBUF_BUFG | vga_driver/frame_cnt0                  |                               |                2 |              6 |
|  CLK100MHZ_IBUF_BUFG | engine/e_ctrl/lfsr                     | engine/u_menu/x_reg[1]        |                4 |              8 |
|  CLK100MHZ_IBUF_BUFG | engine/p_ctrl/x[9]_i_1_n_0             | engine/u_menu/x_reg[1]        |                3 |              9 |
|  CLK100MHZ_IBUF_BUFG | engine/e_ctrl/group_y[9]_i_1_n_0       | engine/u_menu/x_reg[1]        |                4 |              9 |
|  CLK100MHZ_IBUF_BUFG | engine/eb3/bullet_y[9]_i_1__1_n_0      | engine/u_menu/x_reg[1]        |                3 |              9 |
|  CLK100MHZ_IBUF_BUFG | engine/eb3/bullet_x[9]_i_1__1_n_0      | engine/u_menu/x_reg[1]        |                3 |              9 |
|  CLK100MHZ_IBUF_BUFG | engine/eb2/bullet_y[9]_i_1__2_n_0      | engine/u_menu/x_reg[1]        |                2 |              9 |
|  CLK100MHZ_IBUF_BUFG | engine/eb2/bullet_x[9]_i_1__2_n_0      | engine/u_menu/x_reg[1]        |                4 |              9 |
|  CLK100MHZ_IBUF_BUFG | engine/eb1/p_1_in                      | engine/u_menu/x_reg[1]        |                3 |              9 |
|  CLK100MHZ_IBUF_BUFG | engine/eb1/active0                     | engine/u_menu/x_reg[1]        |                4 |              9 |
|  CLK100MHZ_IBUF_BUFG | engine/bullet_inst/bullet_y[9]_i_1_n_0 | engine/u_menu/x_reg[1]        |                3 |              9 |
|  CLK100MHZ_IBUF_BUFG | engine/bullet_inst/active0             | engine/u_menu/x_reg[1]        |                4 |              9 |
|  CLK100MHZ_IBUF_BUFG | vga_driver/xc_next0                    | vga_driver/yc_next[9]_i_1_n_0 |                2 |             10 |
|  CLK100MHZ_IBUF_BUFG | vga_driver/xc_next[9]_i_2_n_0          | vga_driver/xc_next0           |                4 |             10 |
|  CLK100MHZ_IBUF_BUFG | engine/e_ctrl/group_x[9]_i_1_n_0       | engine/u_menu/x_reg[1]        |                5 |             11 |
|  CLK100MHZ_IBUF_BUFG | engine/e_ctrl/fire_timer               | engine/u_menu/x_reg[1]        |                5 |             11 |
|  CLK100MHZ_IBUF_BUFG | engine/e_ctrl/enemy_fire_i_1_n_0       | engine/u_menu/x_reg[1]        |                7 |             18 |
|  CLK100MHZ_IBUF_BUFG |                                        | engine/u_menu/x_reg[1]        |               14 |             26 |
|  CLK100MHZ_IBUF_BUFG |                                        |                               |               15 |             30 |
|  CLK100MHZ_IBUF_BUFG |                                        | BTNC_IBUF                     |               16 |             38 |
+----------------------+----------------------------------------+-------------------------------+------------------+----------------+


